生成启动时间为 2019/4/23 11:10:35。
     1>项目“F:\短波红外成像系统\采集系统相关工作\SWIR-System\SWIR-System\SWIR-System.vcxproj”在节点 2 上(Build 个目标)。
     1>CustomBuild:
         Moc'ing mainwindow.h...
       ClCompile:
         C:\Program Files (x86)\Microsoft Visual Studio 12.0\VC\bin\x86_amd64\CL.exe /c /I.\GeneratedFiles /I. /IC:\Qt\Qt5.6.3\5.6.3\msvc2013_64\include /I.\GeneratedFiles\Debug /IC:\Qt\Qt5.6.3\5.6.3\msvc2013_64\include\QtCore /IC:\Qt\Qt5.6.3\5.6.3\msvc2013_64\include\QtGui /IC:\Qt\Qt5.6.3\5.6.3\msvc2013_64\include\QtWidgets /AI"C:\Program Files (x86)\Reference Assemblies\Microsoft\Framework\.NETFramework\v4.0" /AI"C:\Program Files (x86)\Windows Kits\8.1\References\CommonConfiguration\Neutral" /Zi /clr /nologo /W1 /WX- /Od /D UNICODE /D WIN32 /D WIN64 /D QT_DLL /D QT_CORE_LIB /D QT_GUI_LIB /D QT_WIDGETS_LIB /D _UNICODE /D UNICODE /EHa /MDd /GS /fp:precise /Zc:wchar_t /Zc:forScope /Fo"x64\Debug\\" /Fd"x64\Debug\vc120.pdb" /TP /FU"C:\Program Files (x86)\Reference Assemblies\Microsoft\Framework\.NETFramework\v4.0\mscorlib.dll" /errorReport:prompt /clr:nostdlib GeneratedFiles\Debug\moc_mainwindow.cpp main.cpp mainwindow.cpp
         moc_mainwindow.cpp
     1>f:\短波红外成像系统\采集系统相关工作\swir-system\swir-system\swircamera.h : warning C4819: 该文件包含不能在当前代码页(936)中表示的字符。请将该文件保存为 Unicode 格式以防止数据丢失
     1>f:\短波红外成像系统\采集系统相关工作\swir-system\swir-system\lctf.h : warning C4819: 该文件包含不能在当前代码页(936)中表示的字符。请将该文件保存为 Unicode 格式以防止数据丢失
         main.cpp
     1>f:\短波红外成像系统\采集系统相关工作\swir-system\swir-system\swircamera.h : warning C4819: 该文件包含不能在当前代码页(936)中表示的字符。请将该文件保存为 Unicode 格式以防止数据丢失
     1>f:\短波红外成像系统\采集系统相关工作\swir-system\swir-system\lctf.h : warning C4819: 该文件包含不能在当前代码页(936)中表示的字符。请将该文件保存为 Unicode 格式以防止数据丢失
         mainwindow.cpp
     1>f:\短波红外成像系统\采集系统相关工作\swir-system\swir-system\swircamera.h : warning C4819: 该文件包含不能在当前代码页(936)中表示的字符。请将该文件保存为 Unicode 格式以防止数据丢失
     1>f:\短波红外成像系统\采集系统相关工作\swir-system\swir-system\lctf.h : warning C4819: 该文件包含不能在当前代码页(936)中表示的字符。请将该文件保存为 Unicode 格式以防止数据丢失
         正在生成代码...
       Link:
         C:\Program Files (x86)\Microsoft Visual Studio 12.0\VC\bin\x86_amd64\link.exe /ERRORREPORT:PROMPT /OUT:"F:\短波红外成像系统\采集系统相关工作\SWIR-System\x64\Debug\\SWIR-System.exe" /NOLOGO /LIBPATH:C:\Qt\Qt5.6.3\5.6.3\msvc2013_64\lib qtmaind.lib Qt5Cored.lib Qt5Guid.lib Qt5Widgetsd.lib opencv_calib3d2413d.lib opencv_contrib2413d.lib opencv_core2413d.lib opencv_features2d2413d.lib opencv_flann2413d.lib opencv_gpu2413d.lib opencv_highgui2413d.lib opencv_imgproc2413d.lib opencv_legacy2413d.lib opencv_ml2413d.lib opencv_nonfree2413d.lib opencv_objdetect2413d.lib opencv_ocl2413d.lib opencv_photo2413d.lib opencv_stitching2413d.lib opencv_superres2413d.lib opencv_ts2413d.lib opencv_video2413d.lib opencv_videostab2413d.lib MvCameraControl.lib VimbaC.lib kernel32.lib user32.lib gdi32.lib winspool.lib comdlg32.lib advapi32.lib shell32.lib ole32.lib oleaut32.lib uuid.lib odbc32.lib odbccp32.lib /MANIFEST /MANIFESTUAC:"level='asInvoker' uiAccess='false'" /manifest:embed /DEBUG /PDB:"F:\短波红外成像系统\采集系统相关工作\SWIR-System\x64\Debug\SWIR-System.pdb" /SUBSYSTEM:WINDOWS /TLBID:1 /DYNAMICBASE /FIXED:NO /NXCOMPAT /MACHINE:X64 x64\Debug\configuration.obj
         x64\Debug\moc_configuration.obj
         x64\Debug\moc_mainwindow.obj
         x64\Debug\qrc_mainwindow.obj
         x64\Debug\lctf.obj
         x64\Debug\main.obj
         x64\Debug\rgbcamera.obj
         x64\Debug\mainwindow.obj
         x64\Debug\swircamera.obj
         "x64\Debug\.NETFramework,Version=v4.0.AssemblyAttributes.obj"
         SWIR-System.vcxproj -> F:\短波红外成像系统\采集系统相关工作\SWIR-System\x64\Debug\SWIR-System.exe
     1>已完成生成项目“F:\短波红外成像系统\采集系统相关工作\SWIR-System\SWIR-System\SWIR-System.vcxproj”(Build 个目标)的操作。

生成成功。

已用时间 00:00:06.51
