f:\短波红外成像系统\采集系统相关工作\swir-system\swir-system\x64\debug\vc120.pdb
f:\短波红外成像系统\采集系统相关工作\swir-system\swir-system\x64\debug\swircamera.obj
f:\短波红外成像系统\采集系统相关工作\swir-system\swir-system\x64\debug\mainwindow.obj
f:\短波红外成像系统\采集系统相关工作\swir-system\swir-system\x64\debug\rgbcamera.obj
f:\短波红外成像系统\采集系统相关工作\swir-system\swir-system\x64\debug\main.obj
f:\短波红外成像系统\采集系统相关工作\swir-system\swir-system\x64\debug\lctf.obj
f:\短波红外成像系统\采集系统相关工作\swir-system\swir-system\x64\debug\moc_mainwindow.obj
f:\短波红外成像系统\采集系统相关工作\swir-system\swir-system\x64\debug\moc_configuration.obj
f:\短波红外成像系统\采集系统相关工作\swir-system\swir-system\x64\debug\configuration.obj
f:\短波红外成像系统\采集系统相关工作\swir-system\swir-system\x64\debug\qrc_mainwindow.obj
f:\短波红外成像系统\采集系统相关工作\swir-system\swir-system\x64\debug\.netframework,version=v4.0.assemblyattributes.obj
f:\短波红外成像系统\采集系统相关工作\swir-system\swir-system\generatedfiles\debug\moc_mainwindow.cpp
f:\短波红外成像系统\采集系统相关工作\swir-system\swir-system\generatedfiles\ui_mainwindow.h
f:\短波红外成像系统\采集系统相关工作\swir-system\swir-system\generatedfiles\debug\moc_configuration.cpp
f:\短波红外成像系统\采集系统相关工作\swir-system\swir-system\generatedfiles\qrc_mainwindow.cpp
f:\短波红外成像系统\采集系统相关工作\swir-system\swir-system\generatedfiles\ui_configuration.h
f:\短波红外成像系统\采集系统相关工作\swir-system\x64\debug\swir-system.exe
f:\短波红外成像系统\采集系统相关工作\swir-system\x64\debug\swir-system.pdb
f:\短波红外成像系统\采集系统相关工作\swir-system\swir-system\x64\debug\swir-system.tlog\metagen.write.1.tlog
f:\短波红外成像系统\采集系统相关工作\swir-system\swir-system\x64\debug\swir-system.vcxprojresolveassemblyreference.cache
f:\短波红外成像系统\采集系统相关工作\swir-system\swir-system\x64\debug\swir-system.tlog\cl.command.1.tlog
f:\短波红外成像系统\采集系统相关工作\swir-system\swir-system\x64\debug\swir-system.tlog\cl.read.1.tlog
f:\短波红外成像系统\采集系统相关工作\swir-system\swir-system\x64\debug\swir-system.tlog\cl.write.1.tlog
f:\短波红外成像系统\采集系统相关工作\swir-system\swir-system\x64\debug\swir-system.tlog\custombuild.command.1.tlog
f:\短波红外成像系统\采集系统相关工作\swir-system\swir-system\x64\debug\swir-system.tlog\custombuild.read.1.tlog
f:\短波红外成像系统\采集系统相关工作\swir-system\swir-system\x64\debug\swir-system.tlog\custombuild.write.1.tlog
f:\短波红外成像系统\采集系统相关工作\swir-system\swir-system\x64\debug\swir-system.tlog\link.command.1.tlog
f:\短波红外成像系统\采集系统相关工作\swir-system\swir-system\x64\debug\swir-system.tlog\link.read.1.tlog
f:\短波红外成像系统\采集系统相关工作\swir-system\swir-system\x64\debug\swir-system.tlog\link.write.1.tlog
f:\短波红外成像系统\采集系统相关工作\swir-system\swir-system\x64\debug\swir-system.tlog\metagen.read.1.tlog
f:\短波红外成像系统\采集系统相关工作\swir-system\swir-system\x64\debug\swir-system.tlog\lcnet.dll.metagen
f:\短波红外成像系统\采集系统相关工作\swir-system\swir-system\x64\debug\swir-system.tlog\tzres.dll.bi
